<?xml version="1.0" encoding="UTF-8"?>
<!-- Generated by org.testng.reporters.JUnitXMLReporter -->
<testsuite ignored="1" hostname="DESKTOP-US9O7O0" failures="0" tests="5" name="Login Page Test" time="8.911" errors="0" timestamp="21 Sep 2022 18:09:18 GMT">
  <testcase classname="com.qa.cartapp.testcases.LoginPageTest" name="forgotPwdLinkExistTest" time="0.072"/>
  <testcase classname="com.qa.cartapp.testcases.LoginPageTest" name="invalidLoginTest" time="0.666"/>
  <testcase classname="com.qa.cartapp.testcases.LoginPageTest" name="loginPageTitleTest" time="0.02"/>
  <testcase classname="com.qa.cartapp.testcases.LoginPageTest" name="loginPageUrlTest" time="0.017"/>
  <testcase classname="com.qa.cartapp.testcases.LoginPageTest" name="loginTest" time="1.021"/>
  <testcase classname="com.qa.cartapp.testcases.LoginPageTest" name="loginPageFooterTest" time="0.0">
    <ignored/>
  </testcase> <!-- loginPageFooterTest -->
</testsuite> <!-- Login Page Test -->
