<?xml version="1.0" encoding="UTF-8"?>
<!-- Generated by org.testng.reporters.JUnitXMLReporter -->
<testsuite ignored="0" hostname="DESKTOP-US9O7O0" failures="0" tests="3" name="Registration Page Test" time="16.606" errors="0" timestamp="21 Sep 2022 18:09:25 GMT">
  <testcase classname="com.qa.cartapp.testcases.RegistrationPageTest" name="userRegTest" time="3.202"/>
  <testcase classname="com.qa.cartapp.testcases.RegistrationPageTest" name="userRegTest" time="2.59"/>
  <testcase classname="com.qa.cartapp.testcases.RegistrationPageTest" name="userRegTest" time="2.503"/>
</testsuite> <!-- Registration Page Test -->
